\BOOKMARK [1][-]{section.1}{\376\377\225\356\230\230\143\317\217\360}{}% 1
\BOOKMARK [1][-]{section.2}{\376\377\133\236\232\214\163\257\130\203}{}% 2
\BOOKMARK [1][-]{section.3}{\376\377\173\227\154\325\213\276\213\241}{}% 3
\BOOKMARK [2][-]{subsection.3.1}{\376\377\000F\000l\000a\000t\000-\000S\000I\000M\000D\377\032\000N\000E\000O\000N\000\040\122\240\220\037\146\264\122\233\144\034\175\042}{section.3}% 4
\BOOKMARK [3][-]{subsubsection.3.1.1}{\376\377\173\227\154\325\123\237\164\006}{subsection.3.1}% 5
\BOOKMARK [3][-]{subsubsection.3.1.2}{\376\377\145\160\143\156\155\101\126\376}{subsection.3.1}% 6
\BOOKMARK [3][-]{subsubsection.3.1.3}{\376\377\150\070\137\303\117\052\116\343\170\001}{subsection.3.1}% 7
\BOOKMARK [3][-]{subsubsection.3.1.4}{\376\377\173\227\154\325\131\015\147\102\136\246\122\006\147\220}{subsection.3.1}% 8
\BOOKMARK [2][-]{subsection.3.2}{\376\377\000S\000Q\000-\000S\000I\000M\000D\377\032\150\007\221\317\221\317\123\026\000\040\000+\000\040\116\044\226\066\153\265\150\300\175\042}{section.3}% 9
\BOOKMARK [3][-]{subsubsection.3.2.1}{\376\377\173\227\154\325\123\237\164\006}{subsection.3.2}% 10
\BOOKMARK [3][-]{subsubsection.3.2.2}{\376\377\116\044\226\066\153\265\150\300\175\042\155\101\172\013}{subsection.3.2}% 11
\BOOKMARK [3][-]{subsubsection.3.2.3}{\376\377\221\317\123\026\213\357\135\356\122\006\147\220}{subsection.3.2}% 12
\BOOKMARK [2][-]{subsection.3.3}{\376\377\000P\000Q\000-\000S\000I\000M\000D\377\032\116\130\171\357\221\317\123\026\000\040\000+\000\040\000A\000D\000C\000\040\000+\000\040\116\044\226\066\153\265\150\300\175\042}{section.3}% 13
\BOOKMARK [3][-]{subsubsection.3.3.1}{\376\377\173\227\154\325\123\237\164\006}{subsection.3.3}% 14
\BOOKMARK [3][-]{subsubsection.3.3.2}{\376\377\221\317\123\026\155\101\172\013}{subsection.3.3}% 15
\BOOKMARK [3][-]{subsubsection.3.3.3}{\376\377\227\136\133\371\171\360\215\335\171\273\213\241\173\227\377\010\000A\000D\000C\377\011}{subsection.3.3}% 16
\BOOKMARK [1][-]{section.4}{\376\377\133\236\232\214\176\323\147\234\116\016\122\006\147\220}{}% 17
\BOOKMARK [2][-]{subsection.4.1}{\376\377\000B\000a\000s\000e\000l\000i\000n\000e}{section.4}% 18
\BOOKMARK [2][-]{subsection.4.2}{\376\377\000F\000l\000a\000t\000-\000S\000I\000M\000D}{section.4}% 19
\BOOKMARK [2][-]{subsection.4.3}{\376\377\000S\000Q\000-\000S\000I\000M\000D\377\032\000L\000a\000t\000e\000n\000c\000y\000-\000R\000e\000c\000a\000l\000l\000\040\000T\000r\000a\000d\000e\000-\000o\000f\000f}{section.4}% 20
\BOOKMARK [2][-]{subsection.4.4}{\376\377\000P\000Q\000-\000S\000I\000M\000D}{section.4}% 21
\BOOKMARK [2][-]{subsection.4.5}{\376\377\176\374\124\010\133\371\153\324}{section.4}% 22
\BOOKMARK [1][-]{section.5}{\376\377\000P\000r\000o\000f\000i\000l\000i\000n\000g\000\040\140\047\200\375\122\006\147\220}{}% 23
\BOOKMARK [2][-]{subsection.5.1}{\376\377\000F\000l\000a\000t\000-\000S\000I\000M\000D\000\040\217\333\226\066\122\006\147\220}{section.5}% 24
\BOOKMARK [3][-]{subsubsection.5.1.1}{\376\377\177\026\213\321\126\150\201\352\122\250\124\021\221\317\123\026\133\371\153\324}{subsection.5.1}% 25
\BOOKMARK [3][-]{subsubsection.5.1.2}{\376\377\000p\000e\000r\000f\000\040\122\006\147\220}{subsection.5.1}% 26
\BOOKMARK [3][-]{subsubsection.5.1.3}{\376\377\154\107\177\026\116\343\170\001\122\006\147\220}{subsection.5.1}% 27
\BOOKMARK [2][-]{subsection.5.2}{\376\377\000S\000Q\000-\000S\000I\000M\000D\000\040\217\333\226\066\122\006\147\220}{section.5}% 28
\BOOKMARK [3][-]{subsubsection.5.2.1}{\376\377\221\317\123\026\213\357\135\356\122\006\147\220}{subsection.5.2}% 29
\BOOKMARK [3][-]{subsubsection.5.2.2}{\376\377\116\044\226\066\153\265\150\300\175\042\173\126\165\145\122\006\147\220}{subsection.5.2}% 30
\BOOKMARK [2][-]{subsection.5.3}{\376\377\000P\000Q\000-\000S\000I\000M\000D\000\040\217\333\226\066\122\006\147\220}{section.5}% 31
\BOOKMARK [3][-]{subsubsection.5.3.1}{\376\377\000p\000e\000r\000f\000\040\122\006\147\220}{subsection.5.3}% 32
\BOOKMARK [3][-]{subsubsection.5.3.2}{\376\377\123\213\177\051\153\324\116\016\174\276\136\246\147\103\210\141}{subsection.5.3}% 33
\BOOKMARK [1][-]{section.6}{\376\377\133\236\232\214\140\073\176\323}{}% 34
\BOOKMARK [2][-]{subsection.6.1}{\376\377\000F\000l\000a\000t\000-\000S\000I\000M\000D}{section.6}% 35
\BOOKMARK [2][-]{subsection.6.2}{\376\377\000S\000Q\000-\000S\000I\000M\000D}{section.6}% 36
\BOOKMARK [2][-]{subsection.6.3}{\376\377\000P\000Q\000-\000S\000I\000M\000D}{section.6}% 37
\BOOKMARK [2][-]{subsection.6.4}{\376\377\121\163\225\056\123\321\163\260}{section.6}% 38
\BOOKMARK [1][-]{appendix.A}{\376\377\000A\000I\000\040\217\205\122\251\177\026\172\013\213\260\137\125}{}% 39
\BOOKMARK [1][-]{appendix.B}{\376\377\123\237\131\313\133\236\232\214\145\160\143\156}{}% 40
\BOOKMARK [2][-]{subsection.B.1}{\376\377\000B\000a\000s\000e\000l\000i\000n\000e}{appendix.B}% 41
\BOOKMARK [2][-]{subsection.B.2}{\376\377\000F\000l\000a\000t\000-\000S\000I\000M\000D}{appendix.B}% 42
\BOOKMARK [2][-]{subsection.B.3}{\376\377\000S\000Q\000-\000S\000I\000M\000D}{appendix.B}% 43
\BOOKMARK [2][-]{subsection.B.4}{\376\377\000P\000Q\000-\000S\000I\000M\000D}{appendix.B}% 44
\BOOKMARK [2][-]{subsection.B.5}{\376\377\177\026\213\321\126\150\133\371\153\324}{appendix.B}% 45
