38 [4292] INFO perfrun.launcher <> - Launcher main begin
45 [4292] INFO perfrun.launcher <> - MessageCatalogInit finished
45 [4292] INFO perfrun.launcher <> - Launcher instance created
45 [4292] INFO perfrun.launcher <> - argc = 7; cmdline = C:\Program Files (x86)\Intel\oneAPI\vtune\2025.10\bin64\amplxe-runss.exe --ui-output-format xml --ui-output-fd 896 --option-file D:\code\大二下\并行程序设计\lab1\data\matrix_cache\r001ue\config\runsa.options 
73 [4292] INFO perfrun.launcher <> - New signal handler callback was added
147 [4292] INFO perfrun.perfcollector <> - SEP tool path: C:\Program Files (x86)\Intel\oneAPI\vtune\2025.10\bin64\sep.exe
158 [4292] INFO perfrun.launcher <> - create msngr2::ICliToolContext
159 [4292] INFO perfrun.launcher <> - create file finder object
159 [4292] INFO perfrun.launcher <> - create a result directory: pattern = D:\code\大二下\并行程序设计\lab1\data\matrix_cache\r001ue pid = 4294967295
163 [4292] INFO perfrun.launcher <> - create data directory = D:\code\大二下\并行程序设计\lab1\data\matrix_cache\r001ue\data.0
166 [4292] INFO perfrun.launcher <> - Creating the master collection flag
175 [4292] INFO perfrun.launcher <> - Done creating the master collection flag
175 [12888] INFO perfrun.launcher <> - plugin [remoteplug] was disabled because it doesn't support the given collection type.
175 [12888] INFO perfrun.sdk <> - Allocating TMU :D:\code\大二下\并行程序设计\lab1\data\matrix_cache\r001ue\data.0\systemcollector-24048-LAPTOP-2RUHCIDC.sc
176 [12888] INFO perfrun.launcher <> - plugin [] was disabled because it doesn't support the given collection type.
177 [12888] INFO perfrun.launcher <> - plugin [] was disabled because it doesn't support the given collection type.
177 [12888] INFO perfrun.launcher <> - plugin [gpu] was disabled because it doesn't support the given collection type.
177 [12888] INFO perfrun.launcher <> - plugin [etw.kernel] was disabled because it doesn't support the given collection type.
177 [12888] INFO perfrun.launcher <> - plugin [etw.dx] was disabled because it doesn't support the given collection type.
177 [12888] INFO perfrun.launcher <> - plugin [etw.wsa] was disabled because it doesn't support the given collection type.
177 [12888] INFO perfrun.mrte <> - system-wide mode is 0
177 [12888] INFO perfrun.mrte <> - Getting  mrte profiling environment ...
232 [12888] INFO perfrun.mrte <> - INTEL_MRTE_DATA_DIR=D:\code\大二下\并行程序设计\lab1\data\matrix_cache\r001ue\data.0
232 [12888] INFO perfrun.mrte <> - INTEL_MRTE_HOST_NAME=LAPTOP-2RUHCIDC
232 [12888] INFO perfrun.mrte <> - JAVA_TOOL_OPTIONS=-agentlib:amplxe_samplingmrte_javaprof_1.0
232 [12888] INFO perfrun.mrte <> - PATH=C:\Program Files (x86)\Intel\oneAPI\vtune\2025.10\bin32\runtime;C:\Program Files (x86)\Intel\oneAPI\vtune\2025.10\bin64\runtime;C:\Program Files\Common Files\Oracle\Java\javapath;C:\Windows\system32;C:\Windows;C:\Windows\System32\Wbem;C:\Windows\System32\WindowsPowerShell\v1.0\;C:\Windows\System32\OpenSSH\;C:\Program Files (x86)\NVIDIA Corporation\PhysX\Common;C:\Program Files\NVIDIA Corporation\NVIDIA NvDLISR;C:\Users\lenovo\Downloads\x86_64-8.1.0-release-posix-seh-rt_v6-rev0\mingw64\bin;C:\Program Files (x86)\Windows Kits\10\Windows Performance Toolkit\;C:\WINDOWS\system32;C:\WINDOWS;C:\WINDOWS\System32\Wbem;C:\WINDOWS\System32\WindowsPowerShell\v1.0\;C:\WINDOWS\System32\OpenSSH\;C:\Program Files\Git\cmd;C:\Program Files\TortoiseGit\bin;D:\vision\bin;D:\vision\opencv\newbuild\install\x64\mingw\bin;C:\Program Files\nodejs\;C:\Program Files\Java\jdk-23\bin;D:\Python\Scripts\;D:\Python\;C:\Users\lenovo\AppData\Local\Programs\Python\Python312\Scripts\;C:\Users\lenovo\AppData\Local\Programs\Python\Python312\;C:\Users\lenovo\AppData\Local\Microsoft\WindowsApps;C:\Users\lenovo\AppData\Local\Programs\Microsoft VS Code\bin;D:\x86_64-8.1.0-release-posix-seh-rt_v6-rev0 (1)\mingw64\bin;D:\vision\qt5.12.12\5.12.12\mingw73_64\bin;D:\vision\qt5.12.12\Tools\mingw730_64\bin;D:\Anaconda;D:\Anaconda\Scripts;D:\Anaconda\Library\bin;C:\Users\lenovo\AppData\Roaming\npm;C:\Users\lenovo\AppData\Local\Programs\MiKTeX\miktex\bin\x64\;D:\DataGrid\DataGrip 2025.3.5\bin;D:\Deveco Studio\app\DevEco Studio\bin
232 [12888] INFO perfrun.mrte <> - COR_ENABLE_PROFILING=1
232 [12888] INFO perfrun.mrte <> - COR_PROFILER={AA5E4821-E3B1-479c-B7FF-5AD047D22CED}
232 [12888] INFO perfrun.mrte <> - COMPLUS_ProfAPI_ProfilerCompatibilitySetting=EnableV2Profiler
232 [12888] INFO perfrun.mrte <> - CORECLR_ENABLE_PROFILING=1
232 [12888] INFO perfrun.mrte <> - CORECLR_PROFILER={AA5E4821-E3B1-479c-B7FF-5AD047D22CED}
232 [12888] INFO perfrun.mrte <> - CORECLR_PROFILER_PATH=C:\Program Files (x86)\Intel\oneAPI\vtune\2025.10\bin64/amplxe_samplingmrte_clrprof_1.0.dll
232 [12888] INFO perfrun.mrte <> - INTEL_MRTE_PROFILER_MODE=mixed
232 [12888] INFO perfrun.mrte <> - Data directory: D:\code\大二下\并行程序设计\lab1\data\matrix_cache\r001ue\data.0
232 [12888] INFO perfrun.mrte <> - Mrte plugin is initialized
232 [12888] INFO perfrun.launcher <> - plugin [emon] was disabled because it doesn't support the given collection type.
232 [12888] INFO perfrun.launcher <> - plugin [cuscol] was disabled because it doesn't support the given collection type.
232 [12888] INFO perfrun.launcher <> - plugin [stdsrc] was disabled because it doesn't support the given collection type.
233 [12888] INFO perfrun.sdk <> - runCmd: "C:\Program Files (x86)\Intel\oneAPI\vtune\2025.10\bin64\sep.exe" -dry-run -ec CPU_CLK_UNHALTED.THREAD:sa=2419000,CPU_CLK_UNHALTED.REF_TSC:sample:sa=2419000,INST_RETIRED.ANY:sample:sa=2419000,CPU_CLK_UNHALTED.DISTRIBUTED:sa=2419000,CPU_CLK_UNHALTED.THREAD_P,FRONTEND_RETIRED.LATENCY_GE_4,IDQ_BUBBLES.CORE,INT_MISC.UOP_DROPPING,TOPDOWN.BACKEND_BOUND_SLOTS,TOPDOWN.MEMORY_BOUND_SLOTS,TOPDOWN.SLOTS,UOPS_RETIRED.SLOTS:sa=2000003,TOPDOWN_BE_BOUND.ALL,TOPDOWN_FE_BOUND.ALL,TOPDOWN_RETIRING.ALL,BR_MISP_RETIRED.ALL_BRANCHES,DECODE.LCP,DSB2MITE_SWITCHES.PENALTY_CYCLES,FRONTEND_RETIRED.ANY_DSB_MISS,FRONTEND_RETIRED.DSB_MISS,FRONTEND_RETIRED.L2_MISS,FRONTEND_RETIRED.LATENCY_GE_16,FRONTEND_RETIRED.LATENCY_GE_2_BUBBLES_GE_1,FRONTEND_RETIRED.MS_FLOWS,FRONTEND_RETIRED.STLB_MISS,FRONTEND_RETIRED.UNKNOWN_BRANCH,ICACHE_DATA.STALLS,ICACHE_TAG.STALLS,IDQ.DSB_CYCLES_ANY,IDQ.DSB_CYCLES_OK,IDQ.DSB_UOPS,IDQ.MITE_CYCLES_ANY,IDQ.MITE_CYCLES_OK,IDQ.MS_CYCLES_ANY,IDQ_BUBBLES.CYCLES_0_UOPS_DELIV.CORE,INST_DECODED.DECODERS:cmask=1,INST_DECODED.DECODERS:cmask=2,INT_MISC.CLEAR_RESTEER_CYCLES,INT_MISC.UNKNOWN_BRANCH_CYCLES,ITLB_MISSES.WALK_ACTIVE,ITLB_MISSES.WALK_COMPLETED_2M_4M,ITLB_MISSES.WALK_COMPLETED_4K,LSD.CYCLES_ACTIVE,LSD.CYCLES_OK,LSD.UOPS,OFFCORE_REQUESTS_OUTSTANDING.CYCLES_WITH_DEMAND_CODE_RD,TOPDOWN.BR_MISPREDICT_SLOTS,UOPS_ISSUED.ANY,UOPS_RETIRED.MS:cmask=1,UOPS_RETIRED.MS:cmask=1:e=yes,TOPDOWN_FE_BOUND.BRANCH_DETECT,TOPDOWN_FE_BOUND.BRANCH_RESTEER,TOPDOWN_FE_BOUND.CISC,TOPDOWN_FE_BOUND.DECODE,TOPDOWN_FE_BOUND.FRONTEND_BANDWIDTH,TOPDOWN_FE_BOUND.FRONTEND_LATENCY,TOPDOWN_FE_BOUND.ICACHE,TOPDOWN_FE_BOUND.ITLB,TOPDOWN_FE_BOUND.OTHER,TOPDOWN_FE_BOUND.PREDECODE,INT_MISC.CLEARS_COUNT,MACHINE_CLEARS.COUNT,MACHINE_CLEARS.MEMORY_ORDERING,MACHINE_CLEARS.DISAMBIGUATION,MACHINE_CLEARS.FP_ASSIST,MACHINE_CLEARS.PAGE_FAULT,MACHINE_CLEARS.SLOW,MACHINE_CLEARS.SMC,TOPDOWN_BAD_SPECULATION.FASTNUKE,TOPDOWN_BAD_SPECULATION.MACHINE_CLEARS,TOPDOWN_BAD_SPECULATION.MISPREDICT,TOPDOWN_BAD_SPECULATION.NUKE,CYCLE_ACTIVITY.CYCLES_MEM_ANY,DTLB_LOAD_MISSES.STLB_HIT:cmask=1,DTLB_LOAD_MISSES.WALK_ACTIVE,DTLB_LOAD_MISSES.WALK_COMPLETED_1G,DTLB_LOAD_MISSES.WALK_COMPLETED_2M_4M,DTLB_LOAD_MISSES.WALK_COMPLETED_4K,DTLB_STORE_MISSES.STLB_HIT:cmask=1,DTLB_STORE_MISSES.WALK_ACTIVE,DTLB_STORE_MISSES.WALK_COMPLETED_1G,DTLB_STORE_MISSES.WALK_COMPLETED_2M_4M,DTLB_STORE_MISSES.WALK_COMPLETED_4K,EXE_ACTIVITY.BOUND_ON_LOADS,EXE_ACTIVITY.BOUND_ON_STORES,L1D_PEND_MISS.FB_FULL,L1D_PEND_MISS.L2_STALLS,L1D_PEND_MISS.PENDING,L2_RQSTS.ALL_RFO,L2_RQSTS.RFO_HIT,LD_BLOCKS.NO_SR,LD_BLOCKS.STORE_FORWARD,MEMORY_ACTIVITY.CYCLES_L1D_MISS,MEMORY_ACTIVITY.STALLS_L1D_MISS,MEMORY_ACTIVITY.STALLS_L2_MISS,MEMORY_ACTIVITY.STALLS_L3_MISS,MEM_INST_RETIRED.ALL_LOADS,MEM_INST_RETIRED.ALL_STORES,MEM_INST_RETIRED.LOCK_LOADS,MEM_INST_RETIRED.SPLIT_LOADS,MEM_INST_RETIRED.SPLIT_STORES,MEM_INST_RETIRED.STLB_MISS_LOADS,MEM_INST_RETIRED.STLB_MISS_STORES,MEM_LOAD_COMPLETED.L1_MISS_ANY,MEM_LOAD_L3_HIT_RETIRED.XSNP_FWD,MEM_LOAD_L3_HIT_RETIRED.XSNP_MISS,MEM_LOAD_L3_HIT_RETIRED.XSNP_NO_FWD,MEM_LOAD_RETIRED.FB_HIT,MEM_LOAD_RETIRED.L1_HIT,MEM_LOAD_RETIRED.L1_MISS,MEM_LOAD_RETIRED.L2_HIT,MEM_LOAD_RETIRED.L3_HIT,MEM_LOAD_RETIRED.L3_MISS,MEM_STORE_RETIRED.L2_HIT,OFFCORE_REQUESTS_OUTSTANDING.ALL_DATA_RD:cmask=4,OFFCORE_REQUESTS_OUTSTANDING.CYCLES_WITH_DATA_RD,OFFCORE_REQUESTS_OUTSTANDING.CYCLES_WITH_DEMAND_RFO,XQ.FULL_CYCLES,LD_HEAD.ANY_AT_RET,LD_HEAD.DTLB_MISS_AT_RET,LD_HEAD.L1_BOUND_AT_RET,LD_HEAD.L1_MISS_AT_RET,LD_HEAD.OTHER_AT_RET,LD_HEAD.PGWALK_AT_RET,LD_HEAD.ST_ADDR_AT_RET,MEM_BOUND_STALLS.LOAD,MEM_BOUND_STALLS.LOAD_DRAM_HIT,MEM_BOUND_STALLS.LOAD_L2_HIT,MEM_BOUND_STALLS.LOAD_LLC_HIT,MEM_SCHEDULER_BLOCK.ALL,MEM_SCHEDULER_BLOCK.ST_BUF,TOPDOWN_BE_BOUND.MEM_SCHEDULER,ARITH.DIVIDER_ACTIVE,ARITH.DIV_ACTIVE,ARITH.FPDIV_ACTIVE,ASSISTS.SSE_AVX_MIX,CPU_CLK_UNHALTED.C01,CPU_CLK_UNHALTED.C02,CPU_CLK_UNHALTED.PAUSE,CPU_CLK_UNHALTED.PAUSE_INST,CYCLE_ACTIVITY.STALLS_TOTAL,EXE_ACTIVITY.1_PORTS_UTIL,EXE_ACTIVITY.2_3_PORTS_UTIL,EXE_ACTIVITY.2_PORTS_UTIL,EXE_ACTIVITY.EXE_BOUND_0_PORTS,FP_ARITH_INST_RETIRED.SCALAR,FP_ARITH_INST_RETIRED.VECTOR,MISC2_RETIRED.LFENCE,RESOURCE_STALLS.SCOREBOARD,RS.EMPTY_RESOURCE,UOPS_DISPATCHED.PORT_0,UOPS_DISPATCHED.PORT_1,UOPS_DISPATCHED.PORT_2_3_10,UOPS_DISPATCHED.PORT_4_9,UOPS_DISPATCHED.PORT_5_11,UOPS_DISPATCHED.PORT_6,UOPS_DISPATCHED.PORT_7_8,UOPS_EXECUTED.CYCLES_GE_3,UOPS_EXECUTED.THREAD:sa=2000003,UOPS_EXECUTED.X87:sa=2000003,UOPS_RETIRED.HEAVY,MEM_SCHEDULER_BLOCK.LD_BUF,MEM_SCHEDULER_BLOCK.RSV,TOPDOWN_BE_BOUND.ALLOC_RESTRICTIONS,TOPDOWN_BE_BOUND.NON_MEM_SCHEDULER,TOPDOWN_BE_BOUND.REGISTER,TOPDOWN_BE_BOUND.REORDER_BUFFER,TOPDOWN_BE_BOUND.SERIALIZATION,ASSISTS.ANY,ASSISTS.FP,ASSISTS.PAGE_FAULT,BR_INST_RETIRED.ALL_BRANCHES,FP_ARITH_INST_RETIRED.128B_PACKED_DOUBLE:sa=2000003,FP_ARITH_INST_RETIRED.128B_PACKED_SINGLE:sa=2000003,FP_ARITH_INST_RETIRED.256B_PACKED_DOUBLE:sa=2000003,FP_ARITH_INST_RETIRED.256B_PACKED_SINGLE:sa=2000003,INST_RETIRED.MACRO_FUSED,INST_RETIRED.NOP,INT_VEC_RETIRED.ADD_128,INT_VEC_RETIRED.ADD_256,INT_VEC_RETIRED.MUL_256,INT_VEC_RETIRED.SHUFFLES,INT_VEC_RETIRED.VNNI_128,INT_VEC_RETIRED.VNNI_256,MEM_UOP_RETIRED.ANY,UOPS_RETIRED.MS,UOPS_RETIRED.FPDIV,TOPDOWN.SLOTS_P,OCR.DEMAND_RFO.L3_HIT.SNOOP_HITM,OCR.DEMAND_DATA_RD.L3_HIT.SNOOP_HIT_WITH_FWD,OCR.STREAMING_WR.ANY_RESPONSE,OCR.DEMAND_DATA_RD.L3_HIT.SNOOP_HITM,FP_ARITH_INST_RETIRED.SCALAR_SINGLE:sa=2000003,FP_ARITH_INST_RETIRED.SCALAR_DOUBLE:sa=2000003 -experimental
238 [12888] INFO perfrun.sdk <> - runCmd started PID 27156
546 [12888] INFO perfrun.launcher <> - plugin [vtsspp] was disabled because it doesn't support the given collection type.
546 [12888] INFO perfrun.launcher <> - plugin [perf] was disabled because it doesn't support the given collection type.
546 [12888] INFO perfrun.launcher <> - plugin [aoclprofile] was disabled because it doesn't support the given collection type.
546 [12888] INFO perfrun.tpss <> - initialize tpss controller
547 [12888] INFO perfrun.launcher <> - plugin [tpss] was disabled because it doesn't support the given collection type.
547 [12888] INFO perfrun.launcher <> - plugin [] was disabled because it doesn't support the given collection type.
547 [12888] INFO perfrun.launcher <> - plugin [] was disabled because it doesn't support the given collection type.
547 [12888] INFO perfrun.launcher <> - plugin [] was disabled because it doesn't support the given collection type.
547 [12888] INFO perfrun.launcher <> - plugin [] was disabled because it doesn't support the given collection type.
547 [12888] INFO perfrun.launcher <> - plugin [power] was disabled because it doesn't support the given collection type.
547 [12888] INFO perfrun.launcher <> - plugin [] was disabled because it doesn't support the given collection type.
547 [12888] INFO perfrun.launcher <> - plugin [] was disabled because it doesn't support the given collection type.
547 [12888] INFO perfrun.launcher <> - plugin [] was disabled because it doesn't support the given collection type.
547 [12888] INFO perfrun.launcher <> - plugin [l0_metrics] was disabled because it doesn't support the given collection type.
547 [12888] INFO perfrun.launcher <> - plugin [stall_reasons] was disabled because it doesn't support the given collection type.
547 [4292] INFO perfrun.launcher <> - set environment variable: PATH = C:\Program Files (x86)\Intel\oneAPI\vtune\2025.10\bin32\runtime;C:\Program Files (x86)\Intel\oneAPI\vtune\2025.10\bin64\runtime;C:\Program Files\Common Files\Oracle\Java\javapath;C:\Windows\system32;C:\Windows;C:\Windows\System32\Wbem;C:\Windows\System32\WindowsPowerShell\v1.0\;C:\Windows\System32\OpenSSH\;C:\Program Files (x86)\NVIDIA Corporation\PhysX\Common;C:\Program Files\NVIDIA Corporation\NVIDIA NvDLISR;C:\Users\lenovo\Downloads\x86_64-8.1.0-release-posix-seh-rt_v6-rev0\mingw64\bin;C:\Program Files (x86)\Windows Kits\10\Windows Performance Toolkit\;C:\WINDOWS\system32;C:\WINDOWS;C:\WINDOWS\System32\Wbem;C:\WINDOWS\System32\WindowsPowerShell\v1.0\;C:\WINDOWS\System32\OpenSSH\;C:\Program Files\Git\cmd;C:\Program Files\TortoiseGit\bin;D:\vision\bin;D:\vision\opencv\newbuild\install\x64\mingw\bin;C:\Program Files\nodejs\;C:\Program Files\Java\jdk-23\bin;D:\Python\Scripts\;D:\Python\;C:\Users\lenovo\AppData\Local\Programs\Python\Python312\Scripts\;C:\Users\lenovo\AppData\Local\Programs\Python\Python312\;C:\Users\lenovo\AppData\Local\Microsoft\WindowsApps;C:\Users\lenovo\AppData\Local\Programs\Microsoft VS Code\bin;D:\x86_64-8.1.0-release-posix-seh-rt_v6-rev0 (1)\mingw64\bin;D:\vision\qt5.12.12\5.12.12\mingw73_64\bin;D:\vision\qt5.12.12\Tools\mingw730_64\bin;D:\Anaconda;D:\Anaconda\Scripts;D:\Anaconda\Library\bin;C:\Users\lenovo\AppData\Roaming\npm;C:\Users\lenovo\AppData\Local\Programs\MiKTeX\miktex\bin\x64\;D:\DataGrid\DataGrip 2025.3.5\bin;D:\Deveco Studio\app\DevEco Studio\bin
547 [4292] INFO perfrun.launcher <> - set environment variable: INTEL_LIBITTNOTIFY32 = C:\Program Files (x86)\Intel\oneAPI\vtune\2025.10\bin32\runtime\ittnotify_collector.dll
547 [4292] INFO perfrun.launcher <> - set environment variable: INTEL_LIBITTNOTIFY64 = C:\Program Files (x86)\Intel\oneAPI\vtune\2025.10\bin64\runtime\ittnotify_collector.dll
547 [4292] INFO perfrun.launcher <> - set environment variable: INTEL_ITTNOTIFY_GROUPS = 
547 [4292] INFO perfrun.launcher <> - set environment variable: INTEL_JIT_PROFILER32 = C:\Program Files (x86)\Intel\oneAPI\vtune\2025.10\bin32\runtime\ittnotify_collector.dll
547 [4292] INFO perfrun.launcher <> - set environment variable: INTEL_JIT_PROFILER64 = C:\Program Files (x86)\Intel\oneAPI\vtune\2025.10\bin64\runtime\ittnotify_collector.dll
547 [4292] INFO perfrun.launcher <> - set environment variable: CCL_ITT_LEVEL = 1
547 [4292] INFO perfrun.launcher <> - set environment variable: ENABLE_JITPROFILING = 1
547 [4292] INFO perfrun.launcher <> - set environment variable: CL_CONFIG_USE_VTUNE = True
547 [4292] INFO perfrun.launcher <> - set environment variable: KMP_FORKJOIN_FRAMES = 0
547 [4292] INFO perfrun.launcher <> - set environment variable: KMP_FORKJOIN_FRAMES_MODE = 0
547 [4292] INFO perfrun.launcher <> - set environment variable: INTEL_MRTE_DATA_DIR = D:\code\大二下\并行程序设计\lab1\data\matrix_cache\r001ue\data.0
547 [4292] INFO perfrun.launcher <> - set environment variable: INTEL_MRTE_HOST_NAME = LAPTOP-2RUHCIDC
547 [4292] INFO perfrun.launcher <> - set environment variable: JAVA_TOOL_OPTIONS = -agentlib:amplxe_samplingmrte_javaprof_1.0
548 [4292] INFO perfrun.launcher <> - set environment variable: PATH = C:\Program Files (x86)\Intel\oneAPI\vtune\2025.10\bin32\runtime;C:\Program Files (x86)\Intel\oneAPI\vtune\2025.10\bin64\runtime;C:\Program Files\Common Files\Oracle\Java\javapath;C:\Windows\system32;C:\Windows;C:\Windows\System32\Wbem;C:\Windows\System32\WindowsPowerShell\v1.0\;C:\Windows\System32\OpenSSH\;C:\Program Files (x86)\NVIDIA Corporation\PhysX\Common;C:\Program Files\NVIDIA Corporation\NVIDIA NvDLISR;C:\Users\lenovo\Downloads\x86_64-8.1.0-release-posix-seh-rt_v6-rev0\mingw64\bin;C:\Program Files (x86)\Windows Kits\10\Windows Performance Toolkit\;C:\WINDOWS\system32;C:\WINDOWS;C:\WINDOWS\System32\Wbem;C:\WINDOWS\System32\WindowsPowerShell\v1.0\;C:\WINDOWS\System32\OpenSSH\;C:\Program Files\Git\cmd;C:\Program Files\TortoiseGit\bin;D:\vision\bin;D:\vision\opencv\newbuild\install\x64\mingw\bin;C:\Program Files\nodejs\;C:\Program Files\Java\jdk-23\bin;D:\Python\Scripts\;D:\Python\;C:\Users\lenovo\AppData\Local\Programs\Python\Python312\Scripts\;C:\Users\lenovo\AppData\Local\Programs\Python\Python312\;C:\Users\lenovo\AppData\Local\Microsoft\WindowsApps;C:\Users\lenovo\AppData\Local\Programs\Microsoft VS Code\bin;D:\x86_64-8.1.0-release-posix-seh-rt_v6-rev0 (1)\mingw64\bin;D:\vision\qt5.12.12\5.12.12\mingw73_64\bin;D:\vision\qt5.12.12\Tools\mingw730_64\bin;D:\Anaconda;D:\Anaconda\Scripts;D:\Anaconda\Library\bin;C:\Users\lenovo\AppData\Roaming\npm;C:\Users\lenovo\AppData\Local\Programs\MiKTeX\miktex\bin\x64\;D:\DataGrid\DataGrip 2025.3.5\bin;D:\Deveco Studio\app\DevEco Studio\bin
548 [4292] INFO perfrun.launcher <> - set environment variable: COR_ENABLE_PROFILING = 1
548 [4292] INFO perfrun.launcher <> - set environment variable: COR_PROFILER = {AA5E4821-E3B1-479c-B7FF-5AD047D22CED}
548 [4292] INFO perfrun.launcher <> - set environment variable: COMPLUS_ProfAPI_ProfilerCompatibilitySetting = EnableV2Profiler
548 [4292] INFO perfrun.launcher <> - set environment variable: CORECLR_ENABLE_PROFILING = 1
548 [4292] INFO perfrun.launcher <> - set environment variable: CORECLR_PROFILER = {AA5E4821-E3B1-479c-B7FF-5AD047D22CED}
548 [4292] INFO perfrun.launcher <> - set environment variable: CORECLR_PROFILER_PATH = C:\Program Files (x86)\Intel\oneAPI\vtune\2025.10\bin64/amplxe_samplingmrte_clrprof_1.0.dll
548 [4292] INFO perfrun.launcher <> - set environment variable: INTEL_MRTE_PROFILER_MODE = mixed
548 [4292] INFO perfrun.launcher <> - RpcServer: run RPC server to handle requests
554 [4292] INFO perfrun.sdk <> - IProcessUtil: the given executable 'D:\code\大二下\并行程序设计\lab1\src\matrix_inner\matrix_inner.exe' is valid.
554 [4292] INFO perfrun.launcher <> - Launcher: command line to start before modification = D:\code\大二下\并行程序设计\lab1\src\matrix_inner\matrix_inner.exe
554 [4292] INFO perfrun.launcher <> - Launcher: command line to start after modification = D:\code\大二下\并行程序设计\lab1\src\matrix_inner\matrix_inner.exe
554 [4292] INFO perfrun.launcher <> - ProcessCreator object was created
557 [4292] INFO perfrun.launcher <> - Launcher: the process was started in suspend mode
575 [12888] INFO perfrun.itt <> - start itt controller for pid #20024
576 [12888] INFO perfrun.sdk <> - runCmd: "C:\Program Files (x86)\Intel\oneAPI\vtune\2025.10\bin64\sep.exe" -start -experimental -uem timer=10 -em factor=5 -p-state trigger=CPU_CLK_UNHALTED.REF_TSC -out D:\code\大二下\并行程序设计\lab1\data\matrix_cache\r001ue\data.0\sep3258.20260411T163532.201294 -ec INST_RETIRED.ANY:sample:sa=2419000,CPU_CLK_UNHALTED.THREAD:sa=2419000,CPU_CLK_UNHALTED.REF_TSC:sample:sa=2419000,TOPDOWN.BR_MISPREDICT_SLOTS,DECODE.LCP,DSB2MITE_SWITCHES.PENALTY_CYCLES,ICACHE_DATA.STALLS,CPU_CLK_UNHALTED.DISTRIBUTED:sa=2419000,CPU_CLK_UNHALTED.THREAD_P,FRONTEND_RETIRED.LATENCY_GE_4,IDQ_BUBBLES.CORE,ICACHE_TAG.STALLS,IDQ.DSB_CYCLES_ANY,IDQ.DSB_CYCLES_OK,IDQ.DSB_UOPS,INT_MISC.UOP_DROPPING,TOPDOWN.BACKEND_BOUND_SLOTS,TOPDOWN.MEMORY_BOUND_SLOTS,UOPS_RETIRED.SLOTS:sa=2000003,IDQ.MITE_CYCLES_ANY,IDQ.MITE_CYCLES_OK,IDQ.MS_CYCLES_ANY,INST_DECODED.DECODERS:cmask=1,BR_MISP_RETIRED.ALL_BRANCHES,FRONTEND_RETIRED.ANY_DSB_MISS,INST_DECODED.DECODERS:cmask=2,ITLB_MISSES.WALK_ACTIVE,ITLB_MISSES.WALK_COMPLETED_2M_4M,ITLB_MISSES.WALK_COMPLETED_4K,FRONTEND_RETIRED.DSB_MISS,OFFCORE_REQUESTS_OUTSTANDING.CYCLES_WITH_DEMAND_CODE_RD,DTLB_LOAD_MISSES.STLB_HIT:cmask=1,DTLB_LOAD_MISSES.WALK_ACTIVE,DTLB_LOAD_MISSES.WALK_COMPLETED_1G,FRONTEND_RETIRED.L2_MISS,DTLB_LOAD_MISSES.WALK_COMPLETED_2M_4M,DTLB_LOAD_MISSES.WALK_COMPLETED_4K,DTLB_STORE_MISSES.STLB_HIT:cmask=1,DTLB_STORE_MISSES.WALK_ACTIVE,FRONTEND_RETIRED.LATENCY_GE_16,DTLB_STORE_MISSES.WALK_COMPLETED_1G,DTLB_STORE_MISSES.WALK_COMPLETED_2M_4M,DTLB_STORE_MISSES.WALK_COMPLETED_4K,L1D_PEND_MISS.FB_FULL,FRONTEND_RETIRED.LATENCY_GE_2_BUBBLES_GE_1,L1D_PEND_MISS.L2_STALLS,L1D_PEND_MISS.PENDING,L2_RQSTS.ALL_RFO,L2_RQSTS.RFO_HIT,FRONTEND_RETIRED.MS_FLOWS,LD_BLOCKS.NO_SR,LD_BLOCKS.STORE_FORWARD,MEMORY_ACTIVITY.CYCLES_L1D_MISS,MEMORY_ACTIVITY.STALLS_L1D_MISS,FRONTEND_RETIRED.STLB_MISS,MEMORY_ACTIVITY.STALLS_L2_MISS,MEMORY_ACTIVITY.STALLS_L3_MISS,MEM_INST_RETIRED.ALL_LOADS,MEM_INST_RETIRED.ALL_STORES,FRONTEND_RETIRED.UNKNOWN_BRANCH,IDQ_BUBBLES.CYCLES_0_UOPS_DELIV.CORE,INT_MISC.CLEAR_RESTEER_CYCLES,MEM_INST_RETIRED.LOCK_LOADS,MEM_INST_RETIRED.SPLIT_LOADS,MEM_INST_RETIRED.SPLIT_STORES,MEM_INST_RETIRED.STLB_MISS_LOADS,INT_MISC.UNKNOWN_BRANCH_CYCLES,LSD.CYCLES_ACTIVE,LSD.CYCLES_OK,LSD.UOPS,MEM_INST_RETIRED.STLB_MISS_STORES,MEM_LOAD_COMPLETED.L1_MISS_ANY,MEM_LOAD_L3_HIT_RETIRED.XSNP_FWD,MEM_LOAD_L3_HIT_RETIRED.XSNP_MISS,UOPS_ISSUED.ANY,UOPS_RETIRED.MS:cmask=1,MEM_LOAD_L3_HIT_RETIRED.XSNP_NO_FWD,MEM_LOAD_RETIRED.FB_HIT,MEM_LOAD_RETIRED.L1_HIT,MEM_LOAD_RETIRED.L1_MISS,UOPS_RETIRED.MS:cmask=1:e=yes,INT_MISC.CLEARS_COUNT,MACHINE_CLEARS.COUNT,MACHINE_CLEARS.MEMORY_ORDERING,MEM_LOAD_RETIRED.L2_HIT,MEM_LOAD_RETIRED.L3_HIT,MEM_LOAD_RETIRED.L3_MISS,MEM_STORE_RETIRED.L2_HIT,MACHINE_CLEARS.SMC,CYCLE_ACTIVITY.CYCLES_MEM_ANY,EXE_ACTIVITY.BOUND_ON_LOADS,EXE_ACTIVITY.BOUND_ON_STORES,OFFCORE_REQUESTS_OUTSTANDING.ALL_DATA_RD:cmask=4,OFFCORE_REQUESTS_OUTSTANDING.CYCLES_WITH_DATA_RD,OFFCORE_REQUESTS_OUTSTANDING.CYCLES_WITH_DEMAND_RFO,XQ.FULL_CYCLES,ARITH.DIVIDER_ACTIVE,ARITH.DIV_ACTIVE,ARITH.FPDIV_ACTIVE,ASSISTS.SSE_AVX_MIX,OCR.DEMAND_RFO.L3_HIT.SNOOP_HITM,OCR.DEMAND_DATA_RD.L3_HIT.SNOOP_HIT_WITH_FWD,CPU_CLK_UNHALTED.C01,CPU_CLK_UNHALTED.C02,CPU_CLK_UNHALTED.PAUSE,CPU_CLK_UNHALTED.PAUSE_INST,CYCLE_ACTIVITY.STALLS_TOTAL,EXE_ACTIVITY.1_PORTS_UTIL,OCR.STREAMING_WR.ANY_RESPONSE,OCR.DEMAND_DATA_RD.L3_HIT.SNOOP_HITM,EXE_ACTIVITY.2_3_PORTS_UTIL,EXE_ACTIVITY.2_PORTS_UTIL,EXE_ACTIVITY.EXE_BOUND_0_PORTS,FP_ARITH_INST_RETIRED.SCALAR,FP_ARITH_INST_RETIRED.VECTOR,MISC2_RETIRED.LFENCE,RESOURCE_STALLS.SCOREBOARD,RS.EMPTY_RESOURCE,UOPS_DISPATCHED.PORT_0,UOPS_DISPATCHED.PORT_1,UOPS_DISPATCHED.PORT_2_3_10,UOPS_DISPATCHED.PORT_4_9,UOPS_DISPATCHED.PORT_5_11,UOPS_DISPATCHED.PORT_6,UOPS_DISPATCHED.PORT_7_8,UOPS_EXECUTED.CYCLES_GE_3,UOPS_EXECUTED.THREAD:sa=2000003,UOPS_EXECUTED.X87:sa=2000003,UOPS_RETIRED.HEAVY,ASSISTS.ANY,ASSISTS.FP,ASSISTS.PAGE_FAULT,BR_INST_RETIRED.ALL_BRANCHES,FP_ARITH_INST_RETIRED.128B_PACKED_DOUBLE:sa=2000003,FP_ARITH_INST_RETIRED.128B_PACKED_SINGLE:sa=2000003,FP_ARITH_INST_RETIRED.256B_PACKED_DOUBLE:sa=2000003,FP_ARITH_INST_RETIRED.256B_PACKED_SINGLE:sa=2000003,INST_RETIRED.MACRO_FUSED,INST_RETIRED.NOP,INT_VEC_RETIRED.ADD_128,INT_VEC_RETIRED.ADD_256,INT_VEC_RETIRED.MUL_256,INT_VEC_RETIRED.SHUFFLES,INT_VEC_RETIRED.VNNI_128,INT_VEC_RETIRED.VNNI_256,MEM_UOP_RETIRED.ANY,UOPS_RETIRED.MS,TOPDOWN.SLOTS_P,FP_ARITH_INST_RETIRED.SCALAR_SINGLE:sa=2000003,FP_ARITH_INST_RETIRED.SCALAR_DOUBLE:sa=2000003,TOPDOWN_BE_BOUND.ALL,TOPDOWN_FE_BOUND.ALL,TOPDOWN_RETIRING.ALL,TOPDOWN_FE_BOUND.BRANCH_DETECT,TOPDOWN_FE_BOUND.BRANCH_RESTEER,TOPDOWN_FE_BOUND.CISC,TOPDOWN_FE_BOUND.DECODE,TOPDOWN_FE_BOUND.FRONTEND_BANDWIDTH,TOPDOWN_FE_BOUND.FRONTEND_LATENCY,TOPDOWN_FE_BOUND.ICACHE,TOPDOWN_FE_BOUND.ITLB,TOPDOWN_FE_BOUND.OTHER,TOPDOWN_FE_BOUND.PREDECODE,MACHINE_CLEARS.DISAMBIGUATION,MACHINE_CLEARS.FP_ASSIST,MACHINE_CLEARS.PAGE_FAULT,MACHINE_CLEARS.SLOW,TOPDOWN_BAD_SPECULATION.FASTNUKE,TOPDOWN_BAD_SPECULATION.MACHINE_CLEARS,TOPDOWN_BAD_SPECULATION.MISPREDICT,TOPDOWN_BAD_SPECULATION.NUKE,LD_HEAD.ANY_AT_RET,LD_HEAD.DTLB_MISS_AT_RET,LD_HEAD.L1_BOUND_AT_RET,LD_HEAD.L1_MISS_AT_RET,LD_HEAD.OTHER_AT_RET,LD_HEAD.PGWALK_AT_RET,LD_HEAD.ST_ADDR_AT_RET,MEM_BOUND_STALLS.LOAD,MEM_BOUND_STALLS.LOAD_DRAM_HIT,MEM_BOUND_STALLS.LOAD_L2_HIT,MEM_BOUND_STALLS.LOAD_LLC_HIT,MEM_SCHEDULER_BLOCK.ALL,MEM_SCHEDULER_BLOCK.ST_BUF,TOPDOWN_BE_BOUND.MEM_SCHEDULER,MEM_SCHEDULER_BLOCK.LD_BUF,MEM_SCHEDULER_BLOCK.RSV,TOPDOWN_BE_BOUND.ALLOC_RESTRICTIONS,TOPDOWN_BE_BOUND.NON_MEM_SCHEDULER,TOPDOWN_BE_BOUND.REGISTER,TOPDOWN_BE_BOUND.REORDER_BUFFER,TOPDOWN_BE_BOUND.SERIALIZATION,UOPS_RETIRED.FPDIV, -d 0 -uem factor=10
579 [12888] INFO perfrun.sdk <> - runCmd started PID 24976
1090 [4292] INFO perfrun.launcher <> - Launcher: all plugins were started
1090 [4292] INFO perfrun.launcher <> - DirectoryMonitor object was created
1091 [4292] INFO perfrun.launcher <> - DirectoryMonitor: a callback was added
1091 [4292] INFO perfrun.launcher <> - DirectoryMonitor was started with pingTime = 1000
1091 [4292] INFO perfrun.launcher <> - DeadlineTimer is going to be constructed
1091 [4292] INFO perfrun.launcher <> - DeadlineTimer: a callback was added
1099 [4292] INFO perfrun.launcher <> - Launcher: resume the profiled application and  wait its termination or stop command
5458 [4292] INFO perfrun.launcher <> - Launcher: the profiled application was terminated  with exit code = 0
5480 [12888] INFO perfrun.itt <> - detach itt controller
5480 [12888] INFO perfrun.itt <> - detach itt controller done
5480 [12888] INFO perfrun.sdk <> - runCmd: "C:\Program Files (x86)\Intel\oneAPI\vtune\2025.10\bin64\sep.exe" -stop
5484 [12888] INFO perfrun.sdk <> - runCmd started PID 25920
6348 [12888] INFO perfrun.sepdk <> - Sampling successfully stopped.

6348 [12888] INFO perfrun.sepdk <> - Waiting for main SEP process (24976) to finish...
6351 [12888] INFO perfrun.sepdk <> - Main SEP process finished
6352 [12888] INFO perfrun.sdk <> - De-allocating TMU: D:\code\大二下\并行程序设计\lab1\data\matrix_cache\r001ue\data.0\systemcollector-24048-LAPTOP-2RUHCIDC.sc
6374 [12888] INFO perfrun.system <> - closed the system trace file: D:\code\大二下\并行程序设计\lab1\data\matrix_cache\r001ue\data.0\systemcollector-24048-LAPTOP-2RUHCIDC.sc
6374 [4292] INFO perfrun.launcher <> - Launcher: all plugins were stopped.
6374 [4292] INFO perfrun.launcher <> - DeadlineTimer is going to be destroyed
6374 [4292] INFO perfrun.launcher <> - DeadlineTimer was destroyed
6374 [4292] INFO perfrun.launcher <> - DirectoryMonitor object was destroyed
6374 [4292] WARN perfrun.launcher <> - Stop command is ignored because it is received when collection is already stopped, at file: vcs\perfrun1\launcher\src\command_handler.cpp:226
6375 [4292] INFO perfrun.launcher <> - Application exit code: 0
6375 [4292] INFO perfrun.launcher <> - Exit code: 0
